<?xml version="1.0" encoding="UTF-8"?>
<testsuite name="test.pivotal.pal.tracker.accounts.AccountControllerTest" tests="1" skipped="0" failures="0" errors="0" timestamp="2019-03-12T02:46:02" hostname="PRFT-13437" time="0.068">
  <properties/>
  <testcase name="testList" classname="test.pivotal.pal.tracker.accounts.AccountControllerTest" time="0.068"/>
  <system-out><![CDATA[]]></system-out>
  <system-err><![CDATA[]]></system-err>
</testsuite>
