<?xml version="1.0" encoding="UTF-8"?>
<testsuite name="test.pivotal.pal.tracker.accounts.RegistrationControllerTest" tests="1" skipped="0" failures="0" errors="0" timestamp="2019-03-12T02:46:03" hostname="PRFT-13437" time="0.003">
  <properties/>
  <testcase name="create" classname="test.pivotal.pal.tracker.accounts.RegistrationControllerTest" time="0.003"/>
  <system-out><![CDATA[]]></system-out>
  <system-err><![CDATA[]]></system-err>
</testsuite>
