<?xml version="1.0" encoding="UTF-8"?>
<testsuite name="test.pivotal.pal.tracker.projects.ProjectControllerTest" tests="4" skipped="0" failures="0" errors="0" timestamp="2019-03-12T02:46:07" hostname="PRFT-13437" time="0.121">
  <properties/>
  <testcase name="testGet_WithNull" classname="test.pivotal.pal.tracker.projects.ProjectControllerTest" time="0.058"/>
  <testcase name="testGet" classname="test.pivotal.pal.tracker.projects.ProjectControllerTest" time="0.009"/>
  <testcase name="testList" classname="test.pivotal.pal.tracker.projects.ProjectControllerTest" time="0.02"/>
  <testcase name="testCreate" classname="test.pivotal.pal.tracker.projects.ProjectControllerTest" time="0.033"/>
  <system-out><![CDATA[]]></system-out>
  <system-err><![CDATA[]]></system-err>
</testsuite>
