<?xml version="1.0" encoding="UTF-8"?>
<testsuite name="test.pivotal.pal.tracker.allocations.AllocationDataGatewayTest" tests="2" skipped="0" failures="0" errors="0" timestamp="2019-03-12T02:46:04" hostname="PRFT-13437" time="0.191">
  <properties/>
  <testcase name="testCreate" classname="test.pivotal.pal.tracker.allocations.AllocationDataGatewayTest" time="0.173"/>
  <testcase name="testFindAllByProjectId" classname="test.pivotal.pal.tracker.allocations.AllocationDataGatewayTest" time="0.018"/>
  <system-out><![CDATA[]]></system-out>
  <system-err><![CDATA[SLF4J: Failed to load class "org.slf4j.impl.StaticLoggerBinder".
SLF4J: Defaulting to no-operation (NOP) logger implementation
SLF4J: See http://www.slf4j.org/codes.html#StaticLoggerBinder for further details.
]]></system-err>
</testsuite>
